2025-02-12 13:14:34,478 ERROR Main: Hippodrome started
2025-02-12 13:32:54,404 INFO  Main: Hippodrome started
2025-02-12 13:35:25,275 INFO  Main: Начало скачек. Количество участников: 7
2025-02-12 13:35:49,863 INFO  Main: Начало скачек. Количество участников: 7
2025-02-12 13:37:46,898 INFO  Main: Начало скачек. Количество участников: 7
2025-02-12 13:37:47,727 INFO  Main: Окончание скачек. Победитель: Cherry
2025-02-12 13:49:19,733 DEBUG Hippodrome: Создание Hippodrome, лошадей [7]
2025-02-12 13:49:19,755 INFO  Main: Начало скачек. Количество участников: 7
2025-02-12 13:49:20,594 INFO  Main: Окончание скачек. Победитель: Zephyr
2025-02-12 14:02:07,002 DEBUG Horse: Создание Horse, имя, скорость {[]}
2025-02-12 14:02:07,004 DEBUG Horse: Создание Horse, имя, скорость {[]}
2025-02-12 14:02:07,004 DEBUG Horse: Создание Horse, имя, скорость {[]}
2025-02-12 14:02:07,004 DEBUG Horse: Создание Horse, имя, скорость {[]}
2025-02-12 14:02:07,004 DEBUG Horse: Создание Horse, имя, скорость {[]}
2025-02-12 14:02:07,004 DEBUG Horse: Создание Horse, имя, скорость {[]}
2025-02-12 14:02:07,004 DEBUG Horse: Создание Horse, имя, скорость {[]}
2025-02-12 14:02:07,005 DEBUG Hippodrome: Создание Hippodrome, лошадей [7]
2025-02-12 14:02:07,005 INFO  Main: Начало скачек. Количество участников: 7
2025-02-12 14:02:07,842 INFO  Main: Окончание скачек. Победитель: Pegasus
2025-02-12 14:03:06,014 DEBUG Horse: Создание Horse, имя {[]}
2025-02-12 14:03:06,016 DEBUG Horse: Создание Horse, имя {[]}
2025-02-12 14:03:06,016 DEBUG Horse: Создание Horse, имя {[]}
2025-02-12 14:03:06,016 DEBUG Horse: Создание Horse, имя {[]}
2025-02-12 14:03:06,016 DEBUG Horse: Создание Horse, имя {[]}
2025-02-12 14:03:06,016 DEBUG Horse: Создание Horse, имя {[]}
2025-02-12 14:03:06,017 DEBUG Horse: Создание Horse, имя {[]}
2025-02-12 14:03:06,017 DEBUG Hippodrome: Создание Hippodrome, лошадей [7]
2025-02-12 14:03:06,017 INFO  Main: Начало скачек. Количество участников: 7
2025-02-12 14:03:06,840 INFO  Main: Окончание скачек. Победитель: Lobster
2025-02-12 14:04:54,989 DEBUG Horse: Создание Horse, имя [Bucephalusскорость [{}]]
2025-02-12 14:04:54,992 DEBUG Horse: Создание Horse, имя [Ace of Spadesскорость [{}]]
2025-02-12 14:04:54,992 DEBUG Horse: Создание Horse, имя [Zephyrскорость [{}]]
2025-02-12 14:04:54,992 DEBUG Horse: Создание Horse, имя [Blazeскорость [{}]]
2025-02-12 14:04:54,992 DEBUG Horse: Создание Horse, имя [Lobsterскорость [{}]]
2025-02-12 14:04:54,992 DEBUG Horse: Создание Horse, имя [Pegasusскорость [{}]]
2025-02-12 14:04:54,992 DEBUG Horse: Создание Horse, имя [Cherryскорость [{}]]
2025-02-12 14:04:54,993 DEBUG Hippodrome: Создание Hippodrome, лошадей [7]
2025-02-12 14:04:54,993 INFO  Main: Начало скачек. Количество участников: 7
2025-02-12 14:04:55,814 INFO  Main: Окончание скачек. Победитель: Blaze
2025-02-12 14:06:27,914 DEBUG Horse: Создание Horse, имя [Bucephalus]
2025-02-12 14:06:27,916 DEBUG Horse: Создание Horse, имя [Ace of Spades]
2025-02-12 14:06:27,917 DEBUG Horse: Создание Horse, имя [Zephyr]
2025-02-12 14:06:27,917 DEBUG Horse: Создание Horse, имя [Blaze]
2025-02-12 14:06:27,917 DEBUG Horse: Создание Horse, имя [Lobster]
2025-02-12 14:06:27,917 DEBUG Horse: Создание Horse, имя [Pegasus]
2025-02-12 14:06:27,917 DEBUG Horse: Создание Horse, имя [Cherry]
2025-02-12 14:06:27,918 DEBUG Hippodrome: Создание Hippodrome, лошадей [7]
2025-02-12 14:06:27,918 INFO  Main: Начало скачек. Количество участников: 7
2025-02-12 14:06:28,756 INFO  Main: Окончание скачек. Победитель: Blaze
2025-02-12 14:07:27,071 DEBUG Horse: Создание Horse, имя [Bucephalus, скорость [{}]]
2025-02-12 14:07:27,073 DEBUG Horse: Создание Horse, имя [Ace of Spades, скорость [{}]]
2025-02-12 14:07:27,073 DEBUG Horse: Создание Horse, имя [Zephyr, скорость [{}]]
2025-02-12 14:07:27,074 DEBUG Horse: Создание Horse, имя [Blaze, скорость [{}]]
2025-02-12 14:07:27,074 DEBUG Horse: Создание Horse, имя [Lobster, скорость [{}]]
2025-02-12 14:07:27,074 DEBUG Horse: Создание Horse, имя [Pegasus, скорость [{}]]
2025-02-12 14:07:27,074 DEBUG Horse: Создание Horse, имя [Cherry, скорость [{}]]
2025-02-12 14:07:27,075 DEBUG Hippodrome: Создание Hippodrome, лошадей [7]
2025-02-12 14:07:27,075 INFO  Main: Начало скачек. Количество участников: 7
2025-02-12 14:07:27,914 INFO  Main: Окончание скачек. Победитель: Blaze
2025-02-12 14:08:19,929 DEBUG Horse: Создание Horse, имя [Bucephalus, скорость ]
2025-02-12 14:08:19,932 DEBUG Horse: Создание Horse, имя [Ace of Spades, скорость ]
2025-02-12 14:08:19,932 DEBUG Horse: Создание Horse, имя [Zephyr, скорость ]
2025-02-12 14:08:19,932 DEBUG Horse: Создание Horse, имя [Blaze, скорость ]
2025-02-12 14:08:19,932 DEBUG Horse: Создание Horse, имя [Lobster, скорость ]
2025-02-12 14:08:19,932 DEBUG Horse: Создание Horse, имя [Pegasus, скорость ]
2025-02-12 14:08:19,932 DEBUG Horse: Создание Horse, имя [Cherry, скорость ]
2025-02-12 14:08:19,933 DEBUG Hippodrome: Создание Hippodrome, лошадей [7]
2025-02-12 14:08:19,933 INFO  Main: Начало скачек. Количество участников: 7
2025-02-12 14:08:20,763 INFO  Main: Окончание скачек. Победитель: Cherry
2025-02-12 14:09:25,628 DEBUG Horse: Создание Horse, имя [Bucephalus2.4]
2025-02-12 14:09:25,630 DEBUG Horse: Создание Horse, имя [Ace of Spades2.5]
2025-02-12 14:09:25,630 DEBUG Horse: Создание Horse, имя [Zephyr2.6]
2025-02-12 14:09:25,630 DEBUG Horse: Создание Horse, имя [Blaze2.7]
2025-02-12 14:09:25,630 DEBUG Horse: Создание Horse, имя [Lobster2.8]
2025-02-12 14:09:25,630 DEBUG Horse: Создание Horse, имя [Pegasus2.9]
2025-02-12 14:09:25,630 DEBUG Horse: Создание Horse, имя [Cherry3.0]
2025-02-12 14:09:25,631 DEBUG Hippodrome: Создание Hippodrome, лошадей [7]
2025-02-12 14:09:25,631 INFO  Main: Начало скачек. Количество участников: 7
2025-02-12 14:09:26,452 INFO  Main: Окончание скачек. Победитель: Cherry
2025-02-12 14:10:08,395 DEBUG Horse: Создание Horse, имя, скорость [Bucephalus2.4]
2025-02-12 14:10:08,397 DEBUG Horse: Создание Horse, имя, скорость [Ace of Spades2.5]
2025-02-12 14:10:08,397 DEBUG Horse: Создание Horse, имя, скорость [Zephyr2.6]
2025-02-12 14:10:08,397 DEBUG Horse: Создание Horse, имя, скорость [Blaze2.7]
2025-02-12 14:10:08,398 DEBUG Horse: Создание Horse, имя, скорость [Lobster2.8]
2025-02-12 14:10:08,398 DEBUG Horse: Создание Horse, имя, скорость [Pegasus2.9]
2025-02-12 14:10:08,398 DEBUG Horse: Создание Horse, имя, скорость [Cherry3.0]
2025-02-12 14:10:08,398 DEBUG Hippodrome: Создание Hippodrome, лошадей [7]
2025-02-12 14:10:08,399 INFO  Main: Начало скачек. Количество участников: 7
2025-02-12 14:10:09,230 INFO  Main: Окончание скачек. Победитель: Pegasus
2025-02-12 14:16:42,801 DEBUG Horse: Создание Horse, имя [Bucephalus, скорость ]
2025-02-12 14:16:42,803 DEBUG Horse: Создание Horse, имя [Ace of Spades, скорость ]
2025-02-12 14:16:42,803 DEBUG Horse: Создание Horse, имя [Zephyr, скорость ]
2025-02-12 14:16:42,803 DEBUG Horse: Создание Horse, имя [Blaze, скорость ]
2025-02-12 14:16:42,803 DEBUG Horse: Создание Horse, имя [Lobster, скорость ]
2025-02-12 14:16:42,804 DEBUG Horse: Создание Horse, имя [Pegasus, скорость ]
2025-02-12 14:16:42,804 DEBUG Horse: Создание Horse, имя [Cherry, скорость ]
2025-02-12 14:16:42,804 DEBUG Hippodrome: Создание Hippodrome, лошадей [7]
2025-02-12 14:16:42,805 INFO  Main: Начало скачек. Количество участников: 7
2025-02-12 14:16:43,624 INFO  Main: Окончание скачек. Победитель: Lobster
2025-02-12 14:25:03,836 DEBUG Horse: Создание Horse, имя [Bucephalus]
2025-02-12 14:25:03,839 DEBUG Horse: Создание Horse, скорость [2.4]
2025-02-12 14:25:03,839 DEBUG Horse: Создание Horse, имя [Ace of Spades]
2025-02-12 14:25:03,840 DEBUG Horse: Создание Horse, скорость [2.5]
2025-02-12 14:25:03,840 DEBUG Horse: Создание Horse, имя [Zephyr]
2025-02-12 14:25:03,840 DEBUG Horse: Создание Horse, скорость [2.6]
2025-02-12 14:25:03,840 DEBUG Horse: Создание Horse, имя [Blaze]
2025-02-12 14:25:03,840 DEBUG Horse: Создание Horse, скорость [2.7]
2025-02-12 14:25:03,840 DEBUG Horse: Создание Horse, имя [Lobster]
2025-02-12 14:25:03,841 DEBUG Horse: Создание Horse, скорость [2.8]
2025-02-12 14:25:03,841 DEBUG Horse: Создание Horse, имя [Pegasus]
2025-02-12 14:25:03,841 DEBUG Horse: Создание Horse, скорость [2.9]
2025-02-12 14:25:03,841 DEBUG Horse: Создание Horse, имя [Cherry]
2025-02-12 14:25:03,841 DEBUG Horse: Создание Horse, скорость [3.0]
2025-02-12 14:25:03,842 DEBUG Hippodrome: Создание Hippodrome, лошадей [7]
2025-02-12 14:25:03,842 INFO  Main: Начало скачек. Количество участников: 7
2025-02-12 14:25:04,667 INFO  Main: Окончание скачек. Победитель: Lobster
2025-02-12 14:32:37,302 DEBUG Horse: Создание Horse, имя [Bucephalus], скорость [2.4]
2025-02-12 14:32:37,304 DEBUG Horse: Создание Horse, имя [Ace of Spades], скорость [2.5]
2025-02-12 14:32:37,304 DEBUG Horse: Создание Horse, имя [Zephyr], скорость [2.6]
2025-02-12 14:32:37,305 DEBUG Horse: Создание Horse, имя [Blaze], скорость [2.7]
2025-02-12 14:32:37,305 DEBUG Horse: Создание Horse, имя [Lobster], скорость [2.8]
2025-02-12 14:32:37,305 DEBUG Horse: Создание Horse, имя [Pegasus], скорость [2.9]
2025-02-12 14:32:37,305 DEBUG Horse: Создание Horse, имя [Cherry], скорость [3.0]
2025-02-12 14:32:37,306 DEBUG Hippodrome: Создание Hippodrome, лошадей [7]
2025-02-12 14:32:37,306 INFO  Main: Начало скачек. Количество участников: 7
2025-02-12 14:32:38,134 INFO  Main: Окончание скачек. Победитель: Zephyr
